<?xml version="1.0" encoding="UTF-8"?>
<testng-results ignored="0" total="1" passed="1" failed="0" skipped="0">
  <reporter-output>
  </reporter-output>
  <suite started-at="2024-05-08T10:17:38 EDT" name="Default suite" finished-at="2024-05-08T10:17:47 EDT" duration-ms="8764">
    <groups>
    </groups>
    <test started-at="2024-05-08T10:17:38 EDT" name="Default test" finished-at="2024-05-08T10:17:47 EDT" duration-ms="8764">
      <class name="HomePageNavigation.homePageNavigationTestcase">
        <test-method is-config="true" signature="setup()[pri:0, instance:HomePageNavigation.homePageNavigationTestcase@74235045]" started-at="2024-05-08T10:17:38 EDT" name="setup" finished-at="2024-05-08T10:17:45 EDT" duration-ms="7472" status="PASS">
          <reporter-output>
          </reporter-output>
        </test-method> <!-- setup -->
        <test-method signature="testHomePageElements()[pri:0, instance:HomePageNavigation.homePageNavigationTestcase@74235045]" started-at="2024-05-08T10:17:45 EDT" name="testHomePageElements" finished-at="2024-05-08T10:17:47 EDT" duration-ms="1258" status="PASS">
          <reporter-output>
          </reporter-output>
        </test-method> <!-- testHomePageElements -->
        <test-method is-config="true" signature="tearDown()[pri:0, instance:HomePageNavigation.homePageNavigationTestcase@74235045]" started-at="2024-05-08T10:17:47 EDT" name="tearDown" finished-at="2024-05-08T10:17:47 EDT" duration-ms="1" status="PASS">
          <reporter-output>
          </reporter-output>
        </test-method> <!-- tearDown -->
      </class> <!-- HomePageNavigation.homePageNavigationTestcase -->
    </test> <!-- Default test -->
  </suite> <!-- Default suite -->
</testng-results>
